# JRE version: OpenJDK Runtime Environment (8.0_76-b03) (build 1.8.0_76-release-b03)
# Java VM: OpenJDK 64-Bit Server VM (25.76-b03 mixed mode linux-amd64 compressed oops)
Heap:
 PSYoungGen      total 361984K, used 361568K [0x00000000e0000000, 0x0000000100000000, 0x0000000100000000)
  eden space 361472K, 100% used [0x00000000e0000000,0x00000000f6100000,0x00000000f6100000)
  from space 512K, 18% used [0x00000000f6100000,0x00000000f6118000,0x00000000f6180000)
  to   space 86528K, 2% used [0x00000000fab80000,0x00000000fadc6de8,0x0000000100000000)
 ParOldGen       total 990720K, used 559632K [0x00000000a0000000, 0x00000000dc780000, 0x00000000e0000000)
  object space 990720K, 56% used [0x00000000a0000000,0x00000000c22841d8,0x00000000dc780000)
 Metaspace       used 89667K, capacity 95788K, committed 99200K, reserved 1136640K
  class space    used 10586K, capacity 11448K, committed 11904K, reserved 1048576K
GC Heap History (10 events):
Event: 6392.826 GC heap after
Heap after GC invocations=145 (full 15):
 PSYoungGen      total 436736K, used 52814K [0x00000000e0000000, 0x00000000ffa00000, 0x0000000100000000)
  eden space 353792K, 0% used [0x00000000e0000000,0x00000000e0000000,0x00000000f5980000)
  from space 82944K, 63% used [0x00000000fa880000,0x00000000fdc139b8,0x00000000ff980000)
  to   space 80896K, 0% used [0x00000000f5980000,0x00000000f5980000,0x00000000fa880000)
 ParOldGen       total 546816K, used 435707K [0x00000000a0000000, 0x00000000c1600000, 0x00000000e0000000)
  object space 546816K, 79% used [0x00000000a0000000,0x00000000ba97ed00,0x00000000c1600000)
 Metaspace       used 89451K, capacity 95416K, committed 99200K, reserved 1136640K
  class space    used 10553K, capacity 11363K, committed 11904K, reserved 1048576K
}
Event: 6393.704 GC heap before
{Heap before GC invocations=146 (full 15):
 PSYoungGen      total 436736K, used 406606K [0x00000000e0000000, 0x00000000ffa00000, 0x0000000100000000)
  eden space 353792K, 100% used [0x00000000e0000000,0x00000000f5980000,0x00000000f5980000)
  from space 82944K, 63% used [0x00000000fa880000,0x00000000fdc139b8,0x00000000ff980000)
  to   space 80896K, 0% used [0x00000000f5980000,0x00000000f5980000,0x00000000fa880000)
 ParOldGen       total 546816K, used 435707K [0x00000000a0000000, 0x00000000c1600000, 0x00000000e0000000)
  object space 546816K, 79% used [0x00000000a0000000,0x00000000ba97ed00,0x00000000c1600000)
 Metaspace       used 89451K, capacity 95416K, committed 99200K, reserved 1136640K
  class space    used 10553K, capacity 11363K, committed 11904K, reserved 1048576K
Event: 6393.816 GC heap after
Heap after GC invocations=146 (full 15):
 PSYoungGen      total 434688K, used 60523K [0x00000000e0000000, 0x0000000100000000, 0x0000000100000000)
  eden space 353792K, 0% used [0x00000000e0000000,0x00000000e0000000,0x00000000f5980000)
  from space 80896K, 74% used [0x00000000f5980000,0x00000000f949ae50,0x00000000fa880000)
  to   space 81920K, 0% used [0x00000000fb000000,0x00000000fb000000,0x0000000100000000)
 ParOldGen       total 546816K, used 485395K [0x00000000a0000000, 0x00000000c1600000, 0x00000000e0000000)
  object space 546816K, 88% used [0x00000000a0000000,0x00000000bda04c68,0x00000000c1600000)
 Metaspace       used 89451K, capacity 95416K, committed 99200K, reserved 1136640K
  class space    used 10553K, capacity 11363K, committed 11904K, reserved 1048576K
}
Event: 6393.816 GC heap before
{Heap before GC invocations=147 (full 16):
 PSYoungGen      total 434688K, used 60523K [0x00000000e0000000, 0x0000000100000000, 0x0000000100000000)
  eden space 353792K, 0% used [0x00000000e0000000,0x00000000e0000000,0x00000000f5980000)
  from space 80896K, 74% used [0x00000000f5980000,0x00000000f949ae50,0x00000000fa880000)
  to   space 81920K, 0% used [0x00000000fb000000,0x00000000fb000000,0x0000000100000000)
 ParOldGen       total 546816K, used 485395K [0x00000000a0000000, 0x00000000c1600000, 0x00000000e0000000)
  object space 546816K, 88% used [0x00000000a0000000,0x00000000bda04c68,0x00000000c1600000)
 Metaspace       used 89451K, capacity 95416K, committed 99200K, reserved 1136640K
  class space    used 10553K, capacity 11363K, committed 11904K, reserved 1048576K
Event: 6396.986 GC heap after
Heap after GC invocations=147 (full 16):
 PSYoungGen      total 434688K, used 0K [0x00000000e0000000, 0x0000000100000000, 0x0000000100000000)
  eden space 353792K, 0% used [0x00000000e0000000,0x00000000e0000000,0x00000000f5980000)
  from space 80896K, 0% used [0x00000000f5980000,0x00000000f5980000,0x00000000fa880000)
  to   space 81920K, 0% used [0x00000000fb000000,0x00000000fb000000,0x0000000100000000)
 ParOldGen       total 990720K, used 509561K [0x00000000a0000000, 0x00000000dc780000, 0x00000000e0000000)
  object space 990720K, 51% used [0x00000000a0000000,0x00000000bf19e7b8,0x00000000dc780000)
 Metaspace       used 89451K, capacity 95416K, committed 99200K, reserved 1136640K
  class space    used 10553K, capacity 11363K, committed 11904K, reserved 1048576K
}
Event: 6398.275 GC heap before
{Heap before GC invocations=148 (full 16):
 PSYoungGen      total 434688K, used 353167K [0x00000000e0000000, 0x0000000100000000, 0x0000000100000000)
  eden space 353792K, 99% used [0x00000000e0000000,0x00000000f58e3ea8,0x00000000f5980000)
  from space 80896K, 0% used [0x00000000f5980000,0x00000000f5980000,0x00000000fa880000)
  to   space 81920K, 0% used [0x00000000fb000000,0x00000000fb000000,0x0000000100000000)
 ParOldGen       total 990720K, used 509561K [0x00000000a0000000, 0x00000000dc780000, 0x00000000e0000000)
  object space 990720K, 51% used [0x00000000a0000000,0x00000000bf19e7b8,0x00000000dc780000)
 Metaspace       used 89473K, capacity 95460K, committed 99200K, reserved 1136640K
  class space    used 10556K, capacity 11399K, committed 11904K, reserved 1048576K
Event: 6398.323 GC heap after
Heap after GC invocations=148 (full 16):
 PSYoungGen      total 442368K, used 56473K [0x00000000e0000000, 0x00000000fff00000, 0x0000000100000000)
  eden space 361472K, 0% used [0x00000000e0000000,0x00000000e0000000,0x00000000f6100000)
  from space 80896K, 69% used [0x00000000fb000000,0x00000000fe726750,0x00000000fff00000)
  to   space 80896K, 0% used [0x00000000f6100000,0x00000000f6100000,0x00000000fb000000)
 ParOldGen       total 990720K, used 509569K [0x00000000a0000000, 0x00000000dc780000, 0x00000000e0000000)
  object space 990720K, 51% used [0x00000000a0000000,0x00000000bf1a07b8,0x00000000dc780000)
 Metaspace       used 89473K, capacity 95460K, committed 99200K, reserved 1136640K
  class space    used 10556K, capacity 11399K, committed 11904K, reserved 1048576K
}
Event: 6398.374 GC heap before
{Heap before GC invocations=149 (full 16):
 PSYoungGen      total 442368K, used 417352K [0x00000000e0000000, 0x00000000fff00000, 0x0000000100000000)
  eden space 361472K, 99% used [0x00000000e0000000,0x00000000f606bc10,0x00000000f6100000)
  from space 80896K, 69% used [0x00000000fb000000,0x00000000fe726750,0x00000000fff00000)
  to   space 80896K, 0% used [0x00000000f6100000,0x00000000f6100000,0x00000000fb000000)
 ParOldGen       total 990720K, used 509569K [0x00000000a0000000, 0x00000000dc780000, 0x00000000e0000000)
  object space 990720K, 51% used [0x00000000a0000000,0x00000000bf1a07b8,0x00000000dc780000)
 Metaspace       used 89473K, capacity 95460K, committed 99200K, reserved 1136640K
  class space    used 10556K, capacity 11399K, committed 11904K, reserved 1048576K
Event: 6398.417 GC heap after
Heap after GC invocations=149 (full 16):
 PSYoungGen      total 361984K, used 96K [0x00000000e0000000, 0x0000000100000000, 0x0000000100000000)
  eden space 361472K, 0% used [0x00000000e0000000,0x00000000e0000000,0x00000000f6100000)
  from space 512K, 18% used [0x00000000f6100000,0x00000000f6118000,0x00000000f6180000)
  to   space 86528K, 0% used [0x00000000fab80000,0x00000000fab80000,0x0000000100000000)
 ParOldGen       total 990720K, used 559608K [0x00000000a0000000, 0x00000000dc780000, 0x00000000e0000000)
  object space 990720K, 56% used [0x00000000a0000000,0x00000000c227e1d8,0x00000000dc780000)
 Metaspace       used 89473K, capacity 95460K, committed 99200K, reserved 1136640K
  class space    used 10556K, capacity 11399K, committed 11904K, reserved 1048576K
}
Event: 10677.827 GC heap before
{Heap before GC invocations=150 (full 16):
 PSYoungGen      total 361984K, used 361568K [0x00000000e0000000, 0x0000000100000000, 0x0000000100000000)
  eden space 361472K, 100% used [0x00000000e0000000,0x00000000f6100000,0x00000000f6100000)
  from space 512K, 18% used [0x00000000f6100000,0x00000000f6118000,0x00000000f6180000)
  to   space 86528K, 0% used [0x00000000fab80000,0x00000000fab80000,0x0000000100000000)
 ParOldGen       total 990720K, used 559608K [0x00000000a0000000, 0x00000000dc780000, 0x00000000e0000000)
  object space 990720K, 56% used [0x00000000a0000000,0x00000000c227e1d8,0x00000000dc780000)
 Metaspace       used 89667K, capacity 95788K, committed 99200K, reserved 1136640K
  class space    used 10586K, capacity 11448K, committed 11904K, reserved 1048576K

